<?xml version="1.0" encoding="UTF-8"?>
<!-- Generated by org.testng.reporters.JUnitReportReporter -->
<testsuite hostname="Akshay-PC" name="org.com.easybix.restassuredframework.SampleTestClass2Test" tests="2" failures="0" timestamp="6 Jan 2018 22:52:41 GMT" time="0.002" errors="0">
  <testcase name="fourthTest" time="0.000" classname="org.com.easybix.restassuredframework.SampleTestClass2Test"/>
  <testcase name="thridTest" time="0.002" classname="org.com.easybix.restassuredframework.SampleTestClass2Test"/>
</testsuite> <!-- org.com.easybix.restassuredframework.SampleTestClass2Test -->
