<?xml version="1.0" encoding="UTF-8"?>
<!-- Generated by org.testng.reporters.JUnitReportReporter -->
<testsuite skipped="0" hostname="Akshay-PC" name="org.com.easybix.restassuredframework.SampleTestClass1" tests="2" failures="0" timestamp="06 Jan 2018 20:48:03 GMT" time="0.023" errors="0">
  <testcase name="secondTest" time="0.002" classname="org.com.easybix.restassuredframework.SampleTestClass1"/>
  <testcase name="firstTest" time="0.021" classname="org.com.easybix.restassuredframework.SampleTestClass1"/>
</testsuite> <!-- org.com.easybix.restassuredframework.SampleTestClass1 -->
