<?xml version="1.0" encoding="UTF-8"?>
<!-- Generated by org.testng.reporters.JUnitReportReporter -->
<testsuite hostname="Akshay-PC" name="org.com.easybix.restassuredframework.SampleTestClass2" tests="2" failures="0" timestamp="6 Jan 2018 23:24:26 GMT" time="0.000" errors="0">
  <testcase name="thridTest" time="0.000" classname="org.com.easybix.restassuredframework.SampleTestClass2"/>
  <testcase name="fourthTest" time="0.000" classname="org.com.easybix.restassuredframework.SampleTestClass2"/>
</testsuite> <!-- org.com.easybix.restassuredframework.SampleTestClass2 -->
