<?xml version="1.0" encoding="UTF-8"?>
<!-- Generated by org.testng.reporters.JUnitReportReporter -->
<testsuite hostname="Akshay-PC" name="org.com.easybix.restassuredframework.SampleTestClass1" tests="2" failures="0" timestamp="6 Jan 2018 23:28:36 GMT" time="0.012" errors="0">
  <testcase name="firstTest" time="0.011" classname="org.com.easybix.restassuredframework.SampleTestClass1"/>
  <testcase name="secondTest" time="0.001" classname="org.com.easybix.restassuredframework.SampleTestClass1"/>
</testsuite> <!-- org.com.easybix.restassuredframework.SampleTestClass1 -->
